<?xml version="1.0" encoding="UTF-8"?>
<testsuite xmlns:xsi="http://www.w3.org/2001/XMLSchema-instance" xsi:schemaLocation="https://maven.apache.org/surefire/maven-surefire-plugin/xsd/surefire-test-report.xsd" name="TestSuite" time="178.843" tests="5" errors="0" skipped="0" failures="0">
  <properties>
    <property name="PROCESSOR_ARCHITECTURE" value="AMD64"/>
    <property name="file.encoding.pkg" value="sun.io"/>
    <property name="LOGONSERVER" value="\\U2-IT-NB236"/>
    <property name="ProgramData" value="C:\ProgramData"/>
    <property name="java.home" value="C:\Program Files\Java\jdk1.8.0_151\jre"/>
    <property name="TITLE" value="Tomcat"/>
    <property name="NODE_NAME" value="master"/>
    <property name="CATALINA_HOME" value="D:\CI\apache-tomcat-7.0.88-windows-x86\apache-tomcat-7.0.88"/>
    <property name="ALLUSERSPROFILE" value="C:\ProgramData"/>
    <property name="java.endorsed.dirs" value="C:\Program Files\Java\jdk1.8.0_151\jre\lib\endorsed"/>
    <property name="PSModulePath" value="C:\Windows\system32\WindowsPowerShell\v1.0\Modules\"/>
    <property name="USERDOMAIN" value="U2-IT-NB236"/>
    <property name="sun.os.patch.level" value=""/>
    <property name="java.vendor.url" value="http://java.oracle.com/"/>
    <property name="JAVA_OPTS" value=" &quot;-Djdk.tls.ephemeralDHKeySize=2048&quot;"/>
    <property name="CommonProgramFiles(x86)" value="C:\Program Files (x86)\Common Files"/>
    <property name="java.version" value="1.8.0_151"/>
    <property name="JOB_NAME" value="Test"/>
    <property name="COMPUTERNAME" value="U2-IT-NB236"/>
    <property name="EXECUTABLE" value="D:\CI\apache-tomcat-7.0.88-windows-x86\apache-tomcat-7.0.88\bin\catalina.bat"/>
    <property name="ANDROID_HOME" value="C:\Softwares\Android\Sdk\"/>
    <property name="java.vendor.url.bug" value="http://bugreport.sun.com/bugreport/"/>
    <property name="PUBLIC" value="C:\Users\Public"/>
    <property name="UOIPME_REG_PATH" value="C:\Program Files\Intel Corporation\USB over IP"/>
    <property name="user.name" value="Vaibhav Singh"/>
    <property name="sun.io.unicode.encoding" value="UnicodeLittle"/>
    <property name="sun.jnu.encoding" value="Cp1252"/>
    <property name="java.runtime.name" value="Java(TM) SE Runtime Environment"/>
    <property name="windir" value="C:\Windows"/>
    <property name="PROCESSOR_IDENTIFIER" value="Intel64 Family 6 Model 61 Stepping 4, GenuineIntel"/>
    <property name="java.specification.name" value="Java Platform API Specification"/>
    <property name="LOCALAPPDATA" value="C:\Users\Vaibhav Singh\AppData\Local"/>
    <property name="RUN_CHANGES_DISPLAY_URL" value="http://unconfigured-jenkins-location/job/Test/6/display/redirect?page=changes"/>
    <property name="user.timezone" value="Asia/Calcutta"/>
    <property name="user.script" value=""/>
    <property name="path.separator" value=";"/>
    <property name="NUMBER_OF_PROCESSORS" value="4"/>
    <property name="BUILD_TAG" value="jenkins-Test-6"/>
    <property name="file.encoding" value="Cp1252"/>
    <property name="sun.java.command" value="jenkins.maven3.agent.Maven35Main C:\Softwares\Apache\apache-maven-3.5.2\ D:\CI\apache-tomcat-7.0.88-windows-x86\apache-tomcat-7.0.88\webapps\jenkins\WEB-INF\lib\remoting-3.17.jar C:\Users\Vaibhav Singh\.jenkins\plugins\maven-plugin\WEB-INF\lib\maven35-interceptor-1.12-alpha-1.jar C:\Users\Vaibhav Singh\.jenkins\plugins\maven-plugin\WEB-INF\lib\maven3-interceptor-commons-1.12-alpha-1.jar 60469"/>
    <property name="JENKINS_SERVER_COOKIE" value="1a7998871625cb82"/>
    <property name="=D:" value="D:\CI\apache-tomcat-7.0.88-windows-x86\apache-tomcat-7.0.88\bin"/>
    <property name="EXECUTOR_NUMBER" value="0"/>
    <property name="Path" value="C:\Program Files\Java\jdk1.8.0_151/bin;C:\ProgramData\Oracle\Java\javapath;C:\Program Files (x86)\Intel\iCLS Client\;C:\Program Files\Intel\iCLS Client\;C:\Windows\system32;C:\Windows;C:\Windows\System32\Wbem;C:\Windows\System32\WindowsPowerShell\v1.0\;C:\Program Files\Intel\WiFi\bin\;C:\Program Files\Common Files\Intel\WirelessCommon\;C:\Program Files (x86)\Intel\Intel(R) Management Engine Components\DAL;C:\Program Files\Intel\Intel(R) Management Engine Components\DAL;C:\Program Files (x86)\Intel\Intel(R) Management Engine Components\IPT;C:\Program Files\Intel\Intel(R) Management Engine Components\IPT;C:\Program Files (x86)\CrSSL\bin;C:\Program Files (x86)\Skype\Phone\;C:\Softwares\Android\Sdk\tools\bin;C:\Softwares\Android\Sdk\tools;C:\Softwares\Android\Sdk\platform-tools;C:\Program Files\nodejs;C:\Program Files\PuTTY\;C:\Softwares\Apache\apache-maven-3.5.2\;C:\Softwares\Apache\apache-maven-3.5.2\bin\;C:\Users\Vaibhav Singh\AppData\Local\Programs\Python\Python36-32\Scripts\;C:\Users\Vaibhav Singh\AppData\Local\Programs\Python\Python36-32\;C:\Users\Vaibhav Singh\AppData\Roaming\npm;C:\Program Files\Microsoft VS Code\bin"/>
    <property name="java.io.tmpdir" value="C:\Users\VAIBHA~1\AppData\Local\Temp\"/>
    <property name="APPDATA" value="C:\Users\Vaibhav Singh\AppData\Roaming"/>
    <property name="user.language" value="en"/>
    <property name="CATALINA_TMPDIR" value="D:\CI\apache-tomcat-7.0.88-windows-x86\apache-tomcat-7.0.88\temp"/>
    <property name="line.separator" value="&#10;"/>
    <property name="ACTION" value="start"/>
    <property name="M2_HOME" value="C:\Softwares\Apache\apache-maven-3.5.2\"/>
    <property name="=C:" value="C:\"/>
    <property name="java.vm.info" value="mixed mode"/>
    <property name="sun.desktop" value="windows"/>
    <property name="java.vm.specification.name" value="Java Virtual Machine Specification"/>
    <property name="BUILD_DISPLAY_NAME" value="#6"/>
    <property name="OS" value="Windows_NT"/>
    <property name="guice.disable.misplaced.annotation.check" value="true"/>
    <property name="CATALINA_BASE" value="D:\CI\apache-tomcat-7.0.88-windows-x86\apache-tomcat-7.0.88"/>
    <property name="HUDSON_SERVER_COOKIE" value="1a7998871625cb82"/>
    <property name="JRE_HOME" value="C:\Program Files\Java\jdk1.8.0_151"/>
    <property name="_EXECJAVA" value="start &quot;Tomcat&quot; &quot;C:\Program Files\Java\jdk1.8.0_151\bin\java.exe&quot;"/>
    <property name="_RUNJAVA" value="&quot;C:\Program Files\Java\jdk1.8.0_151\bin\java.exe&quot;"/>
    <property name="MAVEN_HOME" value="C:\Softwares\Apache\apache-maven-3.5.2\"/>
    <property name="PATHEXT" value=".COM;.EXE;.BAT;.CMD;.VBS;.VBE;.JS;.JSE;.WSF;.WSH;.MSC"/>
    <property name="java.awt.printerjob" value="sun.awt.windows.WPrinterJob"/>
    <property name="maven3.interceptor.common" value="C:\Users\Vaibhav Singh\.jenkins\plugins\maven-plugin\WEB-INF\lib\maven3-interceptor-commons-1.12-alpha-1.jar"/>
    <property name="CLASSPATH" value=""/>
    <property name="LOGGING_CONFIG" value="-Djava.util.logging.config.file=&quot;D:\CI\apache-tomcat-7.0.88-windows-x86\apache-tomcat-7.0.88\conf\logging.properties&quot;"/>
    <property name="HOMEPATH" value="\Users\Vaibhav Singh"/>
    <property name="os.name" value="Windows 8.1"/>
    <property name="java.specification.vendor" value="Oracle Corporation"/>
    <property name="FP_NO_HOST_CHECK" value="NO"/>
    <property name="java.vm.name" value="Java HotSpot(TM) 64-Bit Server VM"/>
    <property name="BUILD_NUMBER" value="6"/>
    <property name="maven3.interceptor" value="C:\Users\Vaibhav Singh\.jenkins\plugins\maven-plugin\WEB-INF\lib\maven35-interceptor-1.12-alpha-1.jar"/>
    <property name="java.library.path" value="C:\Program Files\Java\jdk1.8.0_151\bin;C:\Windows\Sun\Java\bin;C:\Windows\system32;C:\Windows;C:\Softwares\Apache\apache-maven-3.5.2\/bin;C:\Program Files\Java\jdk1.8.0_151/bin;C:\Program Files\Java\jdk1.8.0_151/bin;C:\ProgramData\Oracle\Java\javapath;C:\Program Files (x86)\Intel\iCLS Client\;C:\Program Files\Intel\iCLS Client\;C:\Windows\system32;C:\Windows;C:\Windows\System32\Wbem;C:\Windows\System32\WindowsPowerShell\v1.0\;C:\Program Files\Intel\WiFi\bin\;C:\Program Files\Common Files\Intel\WirelessCommon\;C:\Program Files (x86)\Intel\Intel(R) Management Engine Components\DAL;C:\Program Files\Intel\Intel(R) Management Engine Components\DAL;C:\Program Files (x86)\Intel\Intel(R) Management Engine Components\IPT;C:\Program Files\Intel\Intel(R) Management Engine Components\IPT;C:\Program Files (x86)\CrSSL\bin;C:\Program Files (x86)\Skype\Phone\;C:\Softwares\Android\Sdk\tools\bin;C:\Softwares\Android\Sdk\tools;C:\Softwares\Android\Sdk\platform-tools;C:\Program Files\nodejs;C:\Program Files\PuTTY\;C:\Softwares\Apache\apache-maven-3.5.2\;C:\Softwares\Apache\apache-maven-3.5.2\bin\;C:\Users\Vaibhav Singh\AppData\Local\Programs\Python\Python36-32\Scripts\;C:\Users\Vaibhav Singh\AppData\Local\Programs\Python\Python36-32\;C:\Users\Vaibhav Singh\AppData\Roaming\npm;C:\Program Files\Microsoft VS Code\bin;."/>
    <property name="HOMEDRIVE" value="C:"/>
    <property name="POM_GROUPID" value="databuddy"/>
    <property name="POM_ARTIFACTID" value="databuddy"/>
    <property name="java.class.version" value="52.0"/>
    <property name="JSSE_OPTS" value="&quot;-Djdk.tls.ephemeralDHKeySize=2048&quot;"/>
    <property name="LOGGING_MANAGER" value="-Djava.util.logging.manager=org.apache.juli.ClassLoaderLogManager"/>
    <property name="_RUNJDB" value="&quot;C:\Program Files\Java\jdk1.8.0_151\bin\jdb.exe&quot;"/>
    <property name="RUN_DISPLAY_URL" value="http://unconfigured-jenkins-location/job/Test/6/display/redirect"/>
    <property name="MAINCLASS" value="org.apache.catalina.startup.Bootstrap"/>
    <property name="JENKINS_HOME" value="C:\Users\Vaibhav Singh\.jenkins"/>
    <property name="BUILD_ID" value="6"/>
    <property name="TEMP" value="C:\Users\VAIBHA~1\AppData\Local\Temp"/>
    <property name="sun.boot.library.path" value="C:\Program Files\Java\jdk1.8.0_151\jre\bin"/>
    <property name="JDK_JAVA_OPTIONS" value=" --add-opens=java.base/java.lang=ALL-UNNAMED --add-opens=java.base/java.io=ALL-UNNAMED --add-opens=java.rmi/sun.rmi.transport=ALL-UNNAMED"/>
    <property name="sun.management.compiler" value="HotSpot 64-Bit Tiered Compilers"/>
    <property name="java.awt.graphicsenv" value="sun.awt.Win32GraphicsEnvironment"/>
    <property name="user.variant" value=""/>
    <property name="PROCESSOR_REVISION" value="3d04"/>
    <property name="POM_VERSION" value="0.0.1-SNAPSHOT"/>
    <property name="HUDSON_HOME" value="C:\Users\Vaibhav Singh\.jenkins"/>
    <property name="ProgramFiles(x86)" value="C:\Program Files (x86)"/>
    <property name="PATH+MAVEN" value="C:\Softwares\Apache\apache-maven-3.5.2\/bin"/>
    <property name="USERDOMAIN_ROAMINGPROFILE" value="U2-IT-NB236"/>
    <property name="PROMPT" value="$P$G"/>
    <property name="CURRENT_DIR" value="D:\CI\apache-tomcat-7.0.88-windows-x86\apache-tomcat-7.0.88\bin"/>
    <property name="java.vm.specification.version" value="1.8"/>
    <property name="JAVA_HOME" value="C:\Program Files\Java\jdk1.8.0_151"/>
    <property name="awt.toolkit" value="sun.awt.windows.WToolkit"/>
    <property name="NODE_LABELS" value="master"/>
    <property name="sun.cpu.isalist" value="amd64"/>
    <property name="USERPROFILE" value="C:\Users\Vaibhav Singh"/>
    <property name="asl.log" value="Destination=file"/>
    <property name="JOB_DISPLAY_URL" value="http://unconfigured-jenkins-location/job/Test/display/redirect"/>
    <property name="java.ext.dirs" value="C:\Program Files\Java\jdk1.8.0_151\jre\lib\ext;C:\Windows\Sun\Java\lib\ext"/>
    <property name="os.version" value="6.3"/>
    <property name="user.home" value="C:\Users\Vaibhav Singh"/>
    <property name="USERNAME" value="Vaibhav Singh"/>
    <property name="java.vm.vendor" value="Oracle Corporation"/>
    <property name="PROCESSOR_LEVEL" value="6"/>
    <property name="CommonProgramW6432" value="C:\Program Files\Common Files"/>
    <property name="user.dir" value="C:\Users\Vaibhav Singh\eclipse-workspace\databuddy"/>
    <property name="maven.conf" value="C:\Softwares\Apache\apache-maven-3.5.2\conf"/>
    <property name="ProgramW6432" value="C:\Program Files"/>
    <property name="TMP" value="C:\Users\VAIBHA~1\AppData\Local\Temp"/>
    <property name="sun.cpu.endian" value="little"/>
    <property name="SystemDrive" value="C:"/>
    <property name="java.vm.version" value="25.151-b12"/>
    <property name="java.class.path" value="C:\Users\Vaibhav Singh\.jenkins\plugins\maven-plugin\WEB-INF\lib\maven35-agent-1.12-alpha-1.jar;C:\Softwares\Apache\apache-maven-3.5.2\boot\plexus-classworlds-2.5.2.jar;C:\Softwares\Apache\apache-maven-3.5.2/conf/logging"/>
    <property name="org.slf4j.simpleLogger.defaultLogLevel" value="info"/>
    <property name="MAVEN_OPTS" value="-Xms256m -Xmx512m"/>
    <property name="os.arch" value="amd64"/>
    <property name="WORKSPACE" value="C:\Users\Vaibhav Singh\.jenkins\workspace\Test"/>
    <property name="ComSpec" value="C:\Windows\system32\cmd.exe"/>
    <property name="sun.java.launcher" value="SUN_STANDARD"/>
    <property name="SystemRoot" value="C:\Windows"/>
    <property name="CommonProgramFiles" value="C:\Program Files\Common Files"/>
    <property name="java.vm.specification.vendor" value="Oracle Corporation"/>
    <property name="file.separator" value="\"/>
    <property name="java.runtime.version" value="1.8.0_151-b12"/>
    <property name="ProgramFiles" value="C:\Program Files"/>
    <property name="sun.boot.class.path" value="C:\Program Files\Java\jdk1.8.0_151\jre\lib\resources.jar;C:\Program Files\Java\jdk1.8.0_151\jre\lib\rt.jar;C:\Program Files\Java\jdk1.8.0_151\jre\lib\sunrsasign.jar;C:\Program Files\Java\jdk1.8.0_151\jre\lib\jsse.jar;C:\Program Files\Java\jdk1.8.0_151\jre\lib\jce.jar;C:\Program Files\Java\jdk1.8.0_151\jre\lib\charsets.jar;C:\Program Files\Java\jdk1.8.0_151\jre\lib\jfr.jar;C:\Program Files\Java\jdk1.8.0_151\jre\classes"/>
    <property name="PATH+JDK" value="C:\Program Files\Java\jdk1.8.0_151/bin"/>
    <property name="user.country" value="US"/>
    <property name="POM_PACKAGING" value="jar"/>
    <property name="maven.home" value="C:\Softwares\Apache\apache-maven-3.5.2"/>
    <property name="ENDORSED_PROP" value="ignore.endorsed.dirs"/>
    <property name="JOB_BASE_NAME" value="Test"/>
    <property name="java.vendor" value="Oracle Corporation"/>
    <property name="POM_DISPLAYNAME" value="databuddy"/>
    <property name="java.specification.version" value="1.8"/>
    <property name="sun.arch.data.model" value="64"/>
  </properties>
  <testcase name="login" classname="databuddy.databuddy.RunSanityTests" time="34.714"/>
  <testcase name="loginForAuctions" classname="databuddy.databuddy.RunSanityTests" time="37.738"/>
  <testcase name="placeBids" classname="databuddy.databuddy.RunSanityTests" time="13.39"/>
  <testcase name="placeOldBids" classname="databuddy.databuddy.RunSanityTests" time="10.718"/>
  <testcase name="inviteFriends" classname="databuddy.databuddy.RunSanityTests" time="8.378"/>
</testsuite>