<?xml version="1.0" encoding="UTF-8"?>
<!-- Generated by org.testng.reporters.JUnitReportReporter -->
<testsuite hostname="U2-IT-NB236" name="databuddy.databuddy.RunSanityTests" tests="5" failures="0" timestamp="16 May 2018 06:13:07 GMT" time="104.934" errors="0">
  <testcase name="login" time="34.713" classname="databuddy.databuddy.RunSanityTests"/>
  <testcase name="inviteFriends" time="8.376" classname="databuddy.databuddy.RunSanityTests"/>
  <testcase name="loginForAuctions" time="37.728" classname="databuddy.databuddy.RunSanityTests"/>
  <testcase name="placeOldBids" time="10.717" classname="databuddy.databuddy.RunSanityTests"/>
  <testcase name="placeBids" time="13.400" classname="databuddy.databuddy.RunSanityTests"/>
</testsuite> <!-- databuddy.databuddy.RunSanityTests -->
